  
    ************ Error Message List *************
  
    PW     --- Pathway                           
    Code   --- Error Type + Error Code           
    L#     --- The Line Number Where Error Occurs
    ModNam --- Module Name In Which Error Occurs 
    Hints  --- Hints For The Possible Solution   
    *********************************************
  
PW CODE    L#      MODNAM                       ERROR MESSAGES                      HINTS
-- ---- ------- ------------- -------------------------------------------------- ------------
  
CO W361      16       COCARD: Multiyear PERIOD/ANNUAL values for NO2/SO2 require MULTYEAR Opt
ME W531      86       MEOPEN: CAUTION! Met Station ID Missing from SURFFILE for      SURFDATA
MX I460       9  SET_METDATA: Missing Hour Identified in Meteor. Data File at      2020010109
MX I460      10  SET_METDATA: Missing Hour Identified in Meteor. Data File at      2020010110
MX I460      11  SET_METDATA: Missing Hour Identified in Meteor. Data File at      2020010111
MX I460      12  SET_METDATA: Missing Hour Identified in Meteor. Data File at      2020010112
MX I460      13  SET_METDATA: Missing Hour Identified in Meteor. Data File at      2020010113
MX I460      14  SET_METDATA: Missing Hour Identified in Meteor. Data File at      2020010114
MX I460      33  SET_METDATA: Missing Hour Identified in Meteor. Data File at      2020010209
MX I460      34  SET_METDATA: Missing Hour Identified in Meteor. Data File at      2020010210
MX I460      35  SET_METDATA: Missing Hour Identified in Meteor. Data File at      2020010211
MX I460      36  SET_METDATA: Missing Hour Identified in Meteor. Data File at      2020010212
MX I460      37  SET_METDATA: Missing Hour Identified in Meteor. Data File at      2020010213
MX I460      38  SET_METDATA: Missing Hour Identified in Meteor. Data File at      2020010214
MX I460      57  SET_METDATA: Missing Hour Identified in Meteor. Data File at      2020010309
MX I460      58  SET_METDATA: Missing Hour Identified in Meteor. Data File at      2020010310
MX I460      59  SET_METDATA: Missing Hour Identified in Meteor. Data File at      2020010311
MX I460      60  SET_METDATA: Missing Hour Identified in Meteor. Data File at      2020010312
MX I460      61  SET_METDATA: Missing Hour Identified in Meteor. Data File at      2020010313
MX I460      62  SET_METDATA: Missing Hour Identified in Meteor. Data File at      2020010314
MX I460      81  SET_METDATA: Missing Hour Identified in Meteor. Data File at      2020010409
MX I460      82  SET_METDATA: Missing Hour Identified in Meteor. Data File at      2020010410
MX I460      83  SET_METDATA: Missing Hour Identified in Meteor. Data File at      2020010411
MX I460      84  SET_METDATA: Missing Hour Identified in Meteor. Data File at      2020010412
MX I460      85  SET_METDATA: Missing Hour Identified in Meteor. Data File at      2020010413
MX I460      86  SET_METDATA: Missing Hour Identified in Meteor. Data File at      2020010414
MX I460     105  SET_METDATA: Missing Hour Identified in Meteor. Data File at      2020010509
MX I460     106  SET_METDATA: Missing Hour Identified in Meteor. Data File at      2020010510
MX I460     107  SET_METDATA: Missing Hour Identified in Meteor. Data File at      2020010511
MX I460     108  SET_METDATA: Missing Hour Identified in Meteor. Data File at      2020010512
MX I460     109  SET_METDATA: Missing Hour Identified in Meteor. Data File at      2020010513
MX I460     110  SET_METDATA: Missing Hour Identified in Meteor. Data File at      2020010514
MX I440     121       CHKCLM: Calm Hour Identified in Meteorology Data File at     2020010601
MX I460     129  SET_METDATA: Missing Hour Identified in Meteor. Data File at      2020010609
MX I460     130  SET_METDATA: Missing Hour Identified in Meteor. Data File at      2020010610
MX I460     131  SET_METDATA: Missing Hour Identified in Meteor. Data File at      2020010611
MX I460     132  SET_METDATA: Missing Hour Identified in Meteor. Data File at      2020010612
MX I460     133  SET_METDATA: Missing Hour Identified in Meteor. Data File at      2020010613
MX I460     134  SET_METDATA: Missing Hour Identified in Meteor. Data File at      2020010614
MX I460     154  SET_METDATA: Missing Hour Identified in Meteor. Data File at      2020010710
MX I460     155  SET_METDATA: Missing Hour Identified in Meteor. Data File at      2020010711
MX I460     156  SET_METDATA: Missing Hour Identified in Meteor. Data File at      2020010712
MX I460     157  SET_METDATA: Missing Hour Identified in Meteor. Data File at      2020010713
MX I460     158  SET_METDATA: Missing Hour Identified in Meteor. Data File at      2020010714
MX I460     177  SET_METDATA: Missing Hour Identified in Meteor. Data File at      2020010809
MX I460     178  SET_METDATA: Missing Hour Identified in Meteor. Data File at      2020010810
MX I460     179  SET_METDATA: Missing Hour Identified in Meteor. Data File at      2020010811
MX I460     180  SET_METDATA: Missing Hour Identified in Meteor. Data File at      2020010812
MX I460     181  SET_METDATA: Missing Hour Identified in Meteor. Data File at      2020010813
MX I460     182  SET_METDATA: Missing Hour Identified in Meteor. Data File at      2020010814
MX I460     201  SET_METDATA: Missing Hour Identified in Meteor. Data File at      2020010909
MX I460     202  SET_METDATA: Missing Hour Identified in Meteor. Data File at      2020010910
MX I460     203  SET_METDATA: Missing Hour Identified in Meteor. Data File at      2020010911
MX I460     204  SET_METDATA: Missing Hour Identified in Meteor. Data File at      2020010912
MX I460     205  SET_METDATA: Missing Hour Identified in Meteor. Data File at      2020010913
MX I460     206  SET_METDATA: Missing Hour Identified in Meteor. Data File at      2020010914
MX I440     208       CHKCLM: Calm Hour Identified in Meteorology Data File at     2020010916
MX I460     225  SET_METDATA: Missing Hour Identified in Meteor. Data File at      2020011009
MX I460     226  SET_METDATA: Missing Hour Identified in Meteor. Data File at      2020011010
MX I460     227  SET_METDATA: Missing Hour Identified in Meteor. Data File at      2020011011
MX I460     228  SET_METDATA: Missing Hour Identified in Meteor. Data File at      2020011012
MX I460     229  SET_METDATA: Missing Hour Identified in Meteor. Data File at      2020011013
MX I460     230  SET_METDATA: Missing Hour Identified in Meteor. Data File at      2020011014
MX I460     249  SET_METDATA: Missing Hour Identified in Meteor. Data File at      2020011109
MX I460     250  SET_METDATA: Missing Hour Identified in Meteor. Data File at      2020011110
MX I460     251  SET_METDATA: Missing Hour Identified in Meteor. Data File at      2020011111
MX I460     252  SET_METDATA: Missing Hour Identified in Meteor. Data File at      2020011112
MX I460     253  SET_METDATA: Missing Hour Identified in Meteor. Data File at      2020011113
MX I460     254  SET_METDATA: Missing Hour Identified in Meteor. Data File at      2020011114
MX I460     273  SET_METDATA: Missing Hour Identified in Meteor. Data File at      2020011209
MX I460     274  SET_METDATA: Missing Hour Identified in Meteor. Data File at      2020011210
MX I460     275  SET_METDATA: Missing Hour Identified in Meteor. Data File at      2020011211
MX I460     276  SET_METDATA: Missing Hour Identified in Meteor. Data File at      2020011212
MX I460     277  SET_METDATA: Missing Hour Identified in Meteor. Data File at      2020011213
MX I460     278  SET_METDATA: Missing Hour Identified in Meteor. Data File at      2020011214
MX I440     289       CHKCLM: Calm Hour Identified in Meteorology Data File at     2020011301
MX I460     297  SET_METDATA: Missing Hour Identified in Meteor. Data File at      2020011309
MX I460     298  SET_METDATA: Missing Hour Identified in Meteor. Data File at      2020011310
MX I460     299  SET_METDATA: Missing Hour Identified in Meteor. Data File at      2020011311
MX I460     300  SET_METDATA: Missing Hour Identified in Meteor. Data File at      2020011312
MX I460     301  SET_METDATA: Missing Hour Identified in Meteor. Data File at      2020011313
MX I460     302  SET_METDATA: Missing Hour Identified in Meteor. Data File at      2020011314
MX I460     321  SET_METDATA: Missing Hour Identified in Meteor. Data File at      2020011409
MX I460     322  SET_METDATA: Missing Hour Identified in Meteor. Data File at      2020011410
MX I460     323  SET_METDATA: Missing Hour Identified in Meteor. Data File at      2020011411
MX I460     324  SET_METDATA: Missing Hour Identified in Meteor. Data File at      2020011412
MX I440     325       CHKCLM: Calm Hour Identified in Meteorology Data File at     2020011413
MX I460     326  SET_METDATA: Missing Hour Identified in Meteor. Data File at      2020011414
MX I460     327  SET_METDATA: Missing Hour Identified in Meteor. Data File at      2020011415
MX I460     345  SET_METDATA: Missing Hour Identified in Meteor. Data File at      2020011509
MX I460     346  SET_METDATA: Missing Hour Identified in Meteor. Data File at      2020011510
MX I460     347  SET_METDATA: Missing Hour Identified in Meteor. Data File at      2020011511
MX I460     348  SET_METDATA: Missing Hour Identified in Meteor. Data File at      2020011512
MX I460     349  SET_METDATA: Missing Hour Identified in Meteor. Data File at      2020011513
MX I460     350  SET_METDATA: Missing Hour Identified in Meteor. Data File at      2020011514
MX I460     351  SET_METDATA: Missing Hour Identified in Meteor. Data File at      2020011515
MX I460     369  SET_METDATA: Missing Hour Identified in Meteor. Data File at      2020011609
MX I460     370  SET_METDATA: Missing Hour Identified in Meteor. Data File at      2020011610
MX I460     371  SET_METDATA: Missing Hour Identified in Meteor. Data File at      2020011611
MX I460     372  SET_METDATA: Missing Hour Identified in Meteor. Data File at      2020011612
MX I460     373  SET_METDATA: Missing Hour Identified in Meteor. Data File at      2020011613
MX I460     374  SET_METDATA: Missing Hour Identified in Meteor. Data File at      2020011614
MX I460     375  SET_METDATA: Missing Hour Identified in Meteor. Data File at      2020011615
MX I460     393  SET_METDATA: Missing Hour Identified in Meteor. Data File at      2020011709
MX I460     394  SET_METDATA: Missing Hour Identified in Meteor. Data File at      2020011710
MX I460     395  SET_METDATA: Missing Hour Identified in Meteor. Data File at      2020011711
MX I460     396  SET_METDATA: Missing Hour Identified in Meteor. Data File at      2020011712
MX I460     397  SET_METDATA: Missing Hour Identified in Meteor. Data File at      2020011713
MX I460     398  SET_METDATA: Missing Hour Identified in Meteor. Data File at      2020011714
MX I460     399  SET_METDATA: Missing Hour Identified in Meteor. Data File at      2020011715
MX I460     418  SET_METDATA: Missing Hour Identified in Meteor. Data File at      2020011810
MX I460     419  SET_METDATA: Missing Hour Identified in Meteor. Data File at      2020011811
MX I460     420  SET_METDATA: Missing Hour Identified in Meteor. Data File at      2020011812
MX I460     421  SET_METDATA: Missing Hour Identified in Meteor. Data File at      2020011813
MX I460     422  SET_METDATA: Missing Hour Identified in Meteor. Data File at      2020011814
MX I440     437       CHKCLM: Calm Hour Identified in Meteorology Data File at     2020011905
MX I440     438       CHKCLM: Calm Hour Identified in Meteorology Data File at     2020011906
MX I460     441  SET_METDATA: Missing Hour Identified in Meteor. Data File at      2020011909
MX I460     442  SET_METDATA: Missing Hour Identified in Meteor. Data File at      2020011910
MX I460     443  SET_METDATA: Missing Hour Identified in Meteor. Data File at      2020011911
MX I460     444  SET_METDATA: Missing Hour Identified in Meteor. Data File at      2020011912
MX I460     445  SET_METDATA: Missing Hour Identified in Meteor. Data File at      2020011913
MX I460     446  SET_METDATA: Missing Hour Identified in Meteor. Data File at      2020011914
MX I460     447  SET_METDATA: Missing Hour Identified in Meteor. Data File at      2020011915
MX I460     465  SET_METDATA: Missing Hour Identified in Meteor. Data File at      2020012009
MX I460     466  SET_METDATA: Missing Hour Identified in Meteor. Data File at      2020012010
MX I460     467  SET_METDATA: Missing Hour Identified in Meteor. Data File at      2020012011
MX I460     468  SET_METDATA: Missing Hour Identified in Meteor. Data File at      2020012012
MX I460     469  SET_METDATA: Missing Hour Identified in Meteor. Data File at      2020012013
MX I460     470  SET_METDATA: Missing Hour Identified in Meteor. Data File at      2020012014
MX I460     471  SET_METDATA: Missing Hour Identified in Meteor. Data File at      2020012015
MX I460     489  SET_METDATA: Missing Hour Identified in Meteor. Data File at      2020012109
MX I460     490  SET_METDATA: Missing Hour Identified in Meteor. Data File at      2020012110
MX I460     491  SET_METDATA: Missing Hour Identified in Meteor. Data File at      2020012111
MX I460     492  SET_METDATA: Missing Hour Identified in Meteor. Data File at      2020012112
MX I460     493  SET_METDATA: Missing Hour Identified in Meteor. Data File at      2020012113
MX I460     494  SET_METDATA: Missing Hour Identified in Meteor. Data File at      2020012114
MX I460     495  SET_METDATA: Missing Hour Identified in Meteor. Data File at      2020012115
MX I460     514  SET_METDATA: Missing Hour Identified in Meteor. Data File at      2020012210
MX I460     515  SET_METDATA: Missing Hour Identified in Meteor. Data File at      2020012211
MX I460     516  SET_METDATA: Missing Hour Identified in Meteor. Data File at      2020012212
MX I460     517  SET_METDATA: Missing Hour Identified in Meteor. Data File at      2020012213
MX I460     518  SET_METDATA: Missing Hour Identified in Meteor. Data File at      2020012214
MX I440     519       CHKCLM: Calm Hour Identified in Meteorology Data File at     2020012215
MX I460     537  SET_METDATA: Missing Hour Identified in Meteor. Data File at      2020012309
MX I460     538  SET_METDATA: Missing Hour Identified in Meteor. Data File at      2020012310
MX I460     539  SET_METDATA: Missing Hour Identified in Meteor. Data File at      2020012311
MX I460     540  SET_METDATA: Missing Hour Identified in Meteor. Data File at      2020012312
MX I460     541  SET_METDATA: Missing Hour Identified in Meteor. Data File at      2020012313
MX I460     542  SET_METDATA: Missing Hour Identified in Meteor. Data File at      2020012314
MX I460     543  SET_METDATA: Missing Hour Identified in Meteor. Data File at      2020012315
MX I440     558       CHKCLM: Calm Hour Identified in Meteorology Data File at     2020012406
MX I440     559       CHKCLM: Calm Hour Identified in Meteorology Data File at     2020012407
MX I460     561  SET_METDATA: Missing Hour Identified in Meteor. Data File at      2020012409
MX I460     562  SET_METDATA: Missing Hour Identified in Meteor. Data File at      2020012410
MX I460     563  SET_METDATA: Missing Hour Identified in Meteor. Data File at      2020012411
MX I460     564  SET_METDATA: Missing Hour Identified in Meteor. Data File at      2020012412
MX I460     565  SET_METDATA: Missing Hour Identified in Meteor. Data File at      2020012413
MX I460     566  SET_METDATA: Missing Hour Identified in Meteor. Data File at      2020012414
MX I460     567  SET_METDATA: Missing Hour Identified in Meteor. Data File at      2020012415
MX I460     585  SET_METDATA: Missing Hour Identified in Meteor. Data File at      2020012509
MX I460     586  SET_METDATA: Missing Hour Identified in Meteor. Data File at      2020012510
MX I460     587  SET_METDATA: Missing Hour Identified in Meteor. Data File at      2020012511
MX I460     588  SET_METDATA: Missing Hour Identified in Meteor. Data File at      2020012512
MX I460     589  SET_METDATA: Missing Hour Identified in Meteor. Data File at      2020012513
MX I460     590  SET_METDATA: Missing Hour Identified in Meteor. Data File at      2020012514
MX I460     609  SET_METDATA: Missing Hour Identified in Meteor. Data File at      2020012609
MX I460     610  SET_METDATA: Missing Hour Identified in Meteor. Data File at      2020012610
MX I460     611  SET_METDATA: Missing Hour Identified in Meteor. Data File at      2020012611
MX I460     612  SET_METDATA: Missing Hour Identified in Meteor. Data File at      2020012612
MX I460     613  SET_METDATA: Missing Hour Identified in Meteor. Data File at      2020012613
MX I460     614  SET_METDATA: Missing Hour Identified in Meteor. Data File at      2020012614
MX I460     615  SET_METDATA: Missing Hour Identified in Meteor. Data File at      2020012615
MX I460     633  SET_METDATA: Missing Hour Identified in Meteor. Data File at      2020012709
MX I460     634  SET_METDATA: Missing Hour Identified in Meteor. Data File at      2020012710
MX I460     635  SET_METDATA: Missing Hour Identified in Meteor. Data File at      2020012711
MX I460     636  SET_METDATA: Missing Hour Identified in Meteor. Data File at      2020012712
MX I460     637  SET_METDATA: Missing Hour Identified in Meteor. Data File at      2020012713
MX I460     638  SET_METDATA: Missing Hour Identified in Meteor. Data File at      2020012714
MX I460     639  SET_METDATA: Missing Hour Identified in Meteor. Data File at      2020012715
MX I460     657  SET_METDATA: Missing Hour Identified in Meteor. Data File at      2020012809
MX I460     658  SET_METDATA: Missing Hour Identified in Meteor. Data File at      2020012810
MX I460     659  SET_METDATA: Missing Hour Identified in Meteor. Data File at      2020012811
MX I460     660  SET_METDATA: Missing Hour Identified in Meteor. Data File at      2020012812
MX I460     661  SET_METDATA: Missing Hour Identified in Meteor. Data File at      2020012813
MX I460     662  SET_METDATA: Missing Hour Identified in Meteor. Data File at      2020012814
MX I460     663  SET_METDATA: Missing Hour Identified in Meteor. Data File at      2020012815
MX I460     681  SET_METDATA: Missing Hour Identified in Meteor. Data File at      2020012909
MX I460     682  SET_METDATA: Missing Hour Identified in Meteor. Data File at      2020012910
MX I460     683  SET_METDATA: Missing Hour Identified in Meteor. Data File at      2020012911
MX I460     684  SET_METDATA: Missing Hour Identified in Meteor. Data File at      2020012912
MX I460     685  SET_METDATA: Missing Hour Identified in Meteor. Data File at      2020012913
MX I460     686  SET_METDATA: Missing Hour Identified in Meteor. Data File at      2020012914
MX I460     687  SET_METDATA: Missing Hour Identified in Meteor. Data File at      2020012915
MX I460     705  SET_METDATA: Missing Hour Identified in Meteor. Data File at      2020013009
MX I460     706  SET_METDATA: Missing Hour Identified in Meteor. Data File at      2020013010
MX I460     707  SET_METDATA: Missing Hour Identified in Meteor. Data File at      2020013011
MX I460     708  SET_METDATA: Missing Hour Identified in Meteor. Data File at      2020013012
MX I460     709  SET_METDATA: Missing Hour Identified in Meteor. Data File at      2020013013
MX I460     710  SET_METDATA: Missing Hour Identified in Meteor. Data File at      2020013014
MX I460     711  SET_METDATA: Missing Hour Identified in Meteor. Data File at      2020013015
MX I460     729  SET_METDATA: Missing Hour Identified in Meteor. Data File at      2020013109
MX I460     730  SET_METDATA: Missing Hour Identified in Meteor. Data File at      2020013110
MX I460     731  SET_METDATA: Missing Hour Identified in Meteor. Data File at      2020013111
MX I460     732  SET_METDATA: Missing Hour Identified in Meteor. Data File at      2020013112
MX I460     733  SET_METDATA: Missing Hour Identified in Meteor. Data File at      2020013113
MX I460     734  SET_METDATA: Missing Hour Identified in Meteor. Data File at      2020013114
MX I460     735  SET_METDATA: Missing Hour Identified in Meteor. Data File at      2020013115
MX I460     753  SET_METDATA: Missing Hour Identified in Meteor. Data File at      2020020109
MX I460     754  SET_METDATA: Missing Hour Identified in Meteor. Data File at      2020020110
MX I460     755  SET_METDATA: Missing Hour Identified in Meteor. Data File at      2020020111
MX I460     756  SET_METDATA: Missing Hour Identified in Meteor. Data File at      2020020112
MX I460     757  SET_METDATA: Missing Hour Identified in Meteor. Data File at      2020020113
MX I460     758  SET_METDATA: Missing Hour Identified in Meteor. Data File at      2020020114
MX I460     759  SET_METDATA: Missing Hour Identified in Meteor. Data File at      2020020115
MX I460     777  SET_METDATA: Missing Hour Identified in Meteor. Data File at      2020020209
MX I460     778  SET_METDATA: Missing Hour Identified in Meteor. Data File at      2020020210
MX I460     779  SET_METDATA: Missing Hour Identified in Meteor. Data File at      2020020211
MX I460     780  SET_METDATA: Missing Hour Identified in Meteor. Data File at      2020020212
MX I460     781  SET_METDATA: Missing Hour Identified in Meteor. Data File at      2020020213
MX I460     782  SET_METDATA: Missing Hour Identified in Meteor. Data File at      2020020214
MX I460     783  SET_METDATA: Missing Hour Identified in Meteor. Data File at      2020020215
MX I460     801  SET_METDATA: Missing Hour Identified in Meteor. Data File at      2020020309
MX I460     802  SET_METDATA: Missing Hour Identified in Meteor. Data File at      2020020310
MX I460     803  SET_METDATA: Missing Hour Identified in Meteor. Data File at      2020020311
MX I460     804  SET_METDATA: Missing Hour Identified in Meteor. Data File at      2020020312
MX I440     805       CHKCLM: Calm Hour Identified in Meteorology Data File at     2020020313
MX I460     806  SET_METDATA: Missing Hour Identified in Meteor. Data File at      2020020314
MX I460     807  SET_METDATA: Missing Hour Identified in Meteor. Data File at      2020020315
MX I440     812       CHKCLM: Calm Hour Identified in Meteorology Data File at     2020020320
MX I460     825  SET_METDATA: Missing Hour Identified in Meteor. Data File at      2020020409
MX I460     826  SET_METDATA: Missing Hour Identified in Meteor. Data File at      2020020410
MX I460     827  SET_METDATA: Missing Hour Identified in Meteor. Data File at      2020020411
MX I460     828  SET_METDATA: Missing Hour Identified in Meteor. Data File at      2020020412
MX I440     829       CHKCLM: Calm Hour Identified in Meteorology Data File at     2020020413
MX I460     830  SET_METDATA: Missing Hour Identified in Meteor. Data File at      2020020414
MX I460     831  SET_METDATA: Missing Hour Identified in Meteor. Data File at      2020020415
MX I440     836       CHKCLM: Calm Hour Identified in Meteorology Data File at     2020020420
MX I460     849  SET_METDATA: Missing Hour Identified in Meteor. Data File at      2020020509
MX I460     850  SET_METDATA: Missing Hour Identified in Meteor. Data File at      2020020510
MX I460     851  SET_METDATA: Missing Hour Identified in Meteor. Data File at      2020020511
MX I460     852  SET_METDATA: Missing Hour Identified in Meteor. Data File at      2020020512
MX I460     853  SET_METDATA: Missing Hour Identified in Meteor. Data File at      2020020513
MX I460     854  SET_METDATA: Missing Hour Identified in Meteor. Data File at      2020020514
MX I460     855  SET_METDATA: Missing Hour Identified in Meteor. Data File at      2020020515
MX I460     873  SET_METDATA: Missing Hour Identified in Meteor. Data File at      2020020609
MX I460     874  SET_METDATA: Missing Hour Identified in Meteor. Data File at      2020020610
MX I460     875  SET_METDATA: Missing Hour Identified in Meteor. Data File at      2020020611
MX I460     876  SET_METDATA: Missing Hour Identified in Meteor. Data File at      2020020612
MX I460     877  SET_METDATA: Missing Hour Identified in Meteor. Data File at      2020020613
MX I460     878  SET_METDATA: Missing Hour Identified in Meteor. Data File at      2020020614
MX I460     879  SET_METDATA: Missing Hour Identified in Meteor. Data File at      2020020615
MX I460     897  SET_METDATA: Missing Hour Identified in Meteor. Data File at      2020020709
MX I460     898  SET_METDATA: Missing Hour Identified in Meteor. Data File at      2020020710
MX I460     899  SET_METDATA: Missing Hour Identified in Meteor. Data File at      2020020711
MX I460     900  SET_METDATA: Missing Hour Identified in Meteor. Data File at      2020020712
MX I460     901  SET_METDATA: Missing Hour Identified in Meteor. Data File at      2020020713
MX I460     902  SET_METDATA: Missing Hour Identified in Meteor. Data File at      2020020714
MX I460     903  SET_METDATA: Missing Hour Identified in Meteor. Data File at      2020020715
MX I460     921  SET_METDATA: Missing Hour Identified in Meteor. Data File at      2020020809
MX I460     922  SET_METDATA: Missing Hour Identified in Meteor. Data File at      2020020810
MX I460     923  SET_METDATA: Missing Hour Identified in Meteor. Data File at      2020020811
MX I460     924  SET_METDATA: Missing Hour Identified in Meteor. Data File at      2020020812
MX I460     925  SET_METDATA: Missing Hour Identified in Meteor. Data File at      2020020813
MX I460     926  SET_METDATA: Missing Hour Identified in Meteor. Data File at      2020020814
MX I460     927  SET_METDATA: Missing Hour Identified in Meteor. Data File at      2020020815
MX I460     944  SET_METDATA: Missing Hour Identified in Meteor. Data File at      2020020908
MX I460     945  SET_METDATA: Missing Hour Identified in Meteor. Data File at      2020020909
MX I460     946  SET_METDATA: Missing Hour Identified in Meteor. Data File at      2020020910
MX I460     947  SET_METDATA: Missing Hour Identified in Meteor. Data File at      2020020911
MX I460     948  SET_METDATA: Missing Hour Identified in Meteor. Data File at      2020020912
MX I460     949  SET_METDATA: Missing Hour Identified in Meteor. Data File at      2020020913
MX I460     950  SET_METDATA: Missing Hour Identified in Meteor. Data File at      2020020914
MX I460     951  SET_METDATA: Missing Hour Identified in Meteor. Data File at      2020020915
MX I460     969  SET_METDATA: Missing Hour Identified in Meteor. Data File at      2020021009
MX I460     970  SET_METDATA: Missing Hour Identified in Meteor. Data File at      2020021010
MX I460     971  SET_METDATA: Missing Hour Identified in Meteor. Data File at      2020021011
MX I460     972  SET_METDATA: Missing Hour Identified in Meteor. Data File at      2020021012
MX I460     973  SET_METDATA: Missing Hour Identified in Meteor. Data File at      2020021013
MX I460     974  SET_METDATA: Missing Hour Identified in Meteor. Data File at      2020021014
MX I460     975  SET_METDATA: Missing Hour Identified in Meteor. Data File at      2020021015
MX I460     993  SET_METDATA: Missing Hour Identified in Meteor. Data File at      2020021109
MX I460     994  SET_METDATA: Missing Hour Identified in Meteor. Data File at      2020021110
MX I440     995       CHKCLM: Calm Hour Identified in Meteorology Data File at     2020021111
MX I460     996  SET_METDATA: Missing Hour Identified in Meteor. Data File at      2020021112
MX I460     997  SET_METDATA: Missing Hour Identified in Meteor. Data File at      2020021113
MX I460     998  SET_METDATA: Missing Hour Identified in Meteor. Data File at      2020021114
MX I460     999  SET_METDATA: Missing Hour Identified in Meteor. Data File at      2020021115
MX I460    1017  SET_METDATA: Missing Hour Identified in Meteor. Data File at      2020021209
MX I460    1018  SET_METDATA: Missing Hour Identified in Meteor. Data File at      2020021210
MX I460    1019  SET_METDATA: Missing Hour Identified in Meteor. Data File at      2020021211
MX I460    1020  SET_METDATA: Missing Hour Identified in Meteor. Data File at      2020021212
MX I460    1021  SET_METDATA: Missing Hour Identified in Meteor. Data File at      2020021213
MX I460    1022  SET_METDATA: Missing Hour Identified in Meteor. Data File at      2020021214
MX I460    1023  SET_METDATA: Missing Hour Identified in Meteor. Data File at      2020021215
MX I460    1041  SET_METDATA: Missing Hour Identified in Meteor. Data File at      2020021309
MX I460    1042  SET_METDATA: Missing Hour Identified in Meteor. Data File at      2020021310
MX I460    1043  SET_METDATA: Missing Hour Identified in Meteor. Data File at      2020021311
MX I460    1044  SET_METDATA: Missing Hour Identified in Meteor. Data File at      2020021312
MX I460    1045  SET_METDATA: Missing Hour Identified in Meteor. Data File at      2020021313
MX I460    1046  SET_METDATA: Missing Hour Identified in Meteor. Data File at      2020021314
MX I460    1047  SET_METDATA: Missing Hour Identified in Meteor. Data File at      2020021315
MX I460    1048  SET_METDATA: Missing Hour Identified in Meteor. Data File at      2020021316
MX I460    1064  SET_METDATA: Missing Hour Identified in Meteor. Data File at      2020021408
MX I460    1065  SET_METDATA: Missing Hour Identified in Meteor. Data File at      2020021409
MX I460    1066  SET_METDATA: Missing Hour Identified in Meteor. Data File at      2020021410
MX I460    1067  SET_METDATA: Missing Hour Identified in Meteor. Data File at      2020021411
MX I460    1068  SET_METDATA: Missing Hour Identified in Meteor. Data File at      2020021412
MX I460    1069  SET_METDATA: Missing Hour Identified in Meteor. Data File at      2020021413
MX I460    1070  SET_METDATA: Missing Hour Identified in Meteor. Data File at      2020021414
MX I460    1071  SET_METDATA: Missing Hour Identified in Meteor. Data File at      2020021415
MX I440    1143       CHKCLM: Calm Hour Identified in Meteorology Data File at     2020021715
MX I440    1144       CHKCLM: Calm Hour Identified in Meteorology Data File at     2020021716
MX I440    1269       CHKCLM: Calm Hour Identified in Meteorology Data File at     2020022221
MX I440    1271       CHKCLM: Calm Hour Identified in Meteorology Data File at     2020022223
MX I440    1620       CHKCLM: Calm Hour Identified in Meteorology Data File at     2020030812
MX I440    1636       CHKCLM: Calm Hour Identified in Meteorology Data File at     2020030904
MX I460    1855  SET_METDATA: Missing Hour Identified in Meteor. Data File at      2020031807
MX I460    1856  SET_METDATA: Missing Hour Identified in Meteor. Data File at      2020031808
MX I460    1857  SET_METDATA: Missing Hour Identified in Meteor. Data File at      2020031809
MX I460    1858  SET_METDATA: Missing Hour Identified in Meteor. Data File at      2020031810
MX I460    1859  SET_METDATA: Missing Hour Identified in Meteor. Data File at      2020031811
MX I460    1860  SET_METDATA: Missing Hour Identified in Meteor. Data File at      2020031812
MX I460    1861  SET_METDATA: Missing Hour Identified in Meteor. Data File at      2020031813
MX I460    1862  SET_METDATA: Missing Hour Identified in Meteor. Data File at      2020031814
MX I460    1863  SET_METDATA: Missing Hour Identified in Meteor. Data File at      2020031815
MX I460    1864  SET_METDATA: Missing Hour Identified in Meteor. Data File at      2020031816
MX I440    2103       CHKCLM: Calm Hour Identified in Meteorology Data File at     2020032815
MX I440    2206       CHKCLM: Calm Hour Identified in Meteorology Data File at     2020040122
MX I460    2239  SET_METDATA: Missing Hour Identified in Meteor. Data File at      2020040307
MX I460    2240  SET_METDATA: Missing Hour Identified in Meteor. Data File at      2020040308
MX I460    2241  SET_METDATA: Missing Hour Identified in Meteor. Data File at      2020040309
MX I460    2242  SET_METDATA: Missing Hour Identified in Meteor. Data File at      2020040310
MX I460    2243  SET_METDATA: Missing Hour Identified in Meteor. Data File at      2020040311
MX I460    2244  SET_METDATA: Missing Hour Identified in Meteor. Data File at      2020040312
MX I460    2245  SET_METDATA: Missing Hour Identified in Meteor. Data File at      2020040313
MX I460    2246  SET_METDATA: Missing Hour Identified in Meteor. Data File at      2020040314
MX I460    2247  SET_METDATA: Missing Hour Identified in Meteor. Data File at      2020040315
MX I460    2248  SET_METDATA: Missing Hour Identified in Meteor. Data File at      2020040316
MX I460    2249  SET_METDATA: Missing Hour Identified in Meteor. Data File at      2020040317
MX I440    2372       CHKCLM: Calm Hour Identified in Meteorology Data File at     2020040820
MX I440    2448       CHKCLM: Calm Hour Identified in Meteorology Data File at     2020041124
MX I440    2550       CHKCLM: Calm Hour Identified in Meteorology Data File at     2020041606
MX I440    3072       CHKCLM: Calm Hour Identified in Meteorology Data File at     2020050724
MX I460    3270  SET_METDATA: Missing Hour Identified in Meteor. Data File at      2020051606
MX I460    3271  SET_METDATA: Missing Hour Identified in Meteor. Data File at      2020051607
MX I460    3272  SET_METDATA: Missing Hour Identified in Meteor. Data File at      2020051608
MX I460    3273  SET_METDATA: Missing Hour Identified in Meteor. Data File at      2020051609
MX I460    3274  SET_METDATA: Missing Hour Identified in Meteor. Data File at      2020051610
MX I460    3275  SET_METDATA: Missing Hour Identified in Meteor. Data File at      2020051611
MX I460    3276  SET_METDATA: Missing Hour Identified in Meteor. Data File at      2020051612
MX I460    3277  SET_METDATA: Missing Hour Identified in Meteor. Data File at      2020051613
MX I460    3278  SET_METDATA: Missing Hour Identified in Meteor. Data File at      2020051614
MX I460    3279  SET_METDATA: Missing Hour Identified in Meteor. Data File at      2020051615
MX I460    3280  SET_METDATA: Missing Hour Identified in Meteor. Data File at      2020051616
MX I460    3281  SET_METDATA: Missing Hour Identified in Meteor. Data File at      2020051617
MX I460    3282  SET_METDATA: Missing Hour Identified in Meteor. Data File at      2020051618
MX I460    3294  SET_METDATA: Missing Hour Identified in Meteor. Data File at      2020051706
MX I460    3295  SET_METDATA: Missing Hour Identified in Meteor. Data File at      2020051707
MX I460    3296  SET_METDATA: Missing Hour Identified in Meteor. Data File at      2020051708
MX I460    3297  SET_METDATA: Missing Hour Identified in Meteor. Data File at      2020051709
MX I460    3298  SET_METDATA: Missing Hour Identified in Meteor. Data File at      2020051710
MX I460    3299  SET_METDATA: Missing Hour Identified in Meteor. Data File at      2020051711
MX I460    3300  SET_METDATA: Missing Hour Identified in Meteor. Data File at      2020051712
MX I460    3301  SET_METDATA: Missing Hour Identified in Meteor. Data File at      2020051713
MX I460    3302  SET_METDATA: Missing Hour Identified in Meteor. Data File at      2020051714
MX I460    3303  SET_METDATA: Missing Hour Identified in Meteor. Data File at      2020051715
MX I460    3304  SET_METDATA: Missing Hour Identified in Meteor. Data File at      2020051716
MX I460    3305  SET_METDATA: Missing Hour Identified in Meteor. Data File at      2020051717
MX I460    3306  SET_METDATA: Missing Hour Identified in Meteor. Data File at      2020051718
MX I460    3318  SET_METDATA: Missing Hour Identified in Meteor. Data File at      2020051806
MX I460    3319  SET_METDATA: Missing Hour Identified in Meteor. Data File at      2020051807
MX I460    3320  SET_METDATA: Missing Hour Identified in Meteor. Data File at      2020051808
MX I460    3321  SET_METDATA: Missing Hour Identified in Meteor. Data File at      2020051809
MX I460    3322  SET_METDATA: Missing Hour Identified in Meteor. Data File at      2020051810
MX I460    3323  SET_METDATA: Missing Hour Identified in Meteor. Data File at      2020051811
MX I460    3324  SET_METDATA: Missing Hour Identified in Meteor. Data File at      2020051812
MX I460    3325  SET_METDATA: Missing Hour Identified in Meteor. Data File at      2020051813
MX I460    3326  SET_METDATA: Missing Hour Identified in Meteor. Data File at      2020051814
MX I460    3327  SET_METDATA: Missing Hour Identified in Meteor. Data File at      2020051815
MX I460    3328  SET_METDATA: Missing Hour Identified in Meteor. Data File at      2020051816
MX I460    3329  SET_METDATA: Missing Hour Identified in Meteor. Data File at      2020051817
MX I460    3330  SET_METDATA: Missing Hour Identified in Meteor. Data File at      2020051818
MX I440    3511       CHKCLM: Calm Hour Identified in Meteorology Data File at     2020052607
MX I440    3537       CHKCLM: Calm Hour Identified in Meteorology Data File at     2020052709
MX I440    3727       CHKCLM: Calm Hour Identified in Meteorology Data File at     2020060407
MX I440    4039       CHKCLM: Calm Hour Identified in Meteorology Data File at     2020061707
MX I460    4061  SET_METDATA: Missing Hour Identified in Meteor. Data File at      2020061805
MX I460    4062  SET_METDATA: Missing Hour Identified in Meteor. Data File at      2020061806
MX I460    4063  SET_METDATA: Missing Hour Identified in Meteor. Data File at      2020061807
MX I460    4064  SET_METDATA: Missing Hour Identified in Meteor. Data File at      2020061808
MX I460    4065  SET_METDATA: Missing Hour Identified in Meteor. Data File at      2020061809
MX I460    4066  SET_METDATA: Missing Hour Identified in Meteor. Data File at      2020061810
MX I460    4067  SET_METDATA: Missing Hour Identified in Meteor. Data File at      2020061811
MX I460    4068  SET_METDATA: Missing Hour Identified in Meteor. Data File at      2020061812
MX I460    4069  SET_METDATA: Missing Hour Identified in Meteor. Data File at      2020061813
MX I460    4070  SET_METDATA: Missing Hour Identified in Meteor. Data File at      2020061814
MX I460    4071  SET_METDATA: Missing Hour Identified in Meteor. Data File at      2020061815
MX I460    4072  SET_METDATA: Missing Hour Identified in Meteor. Data File at      2020061816
MX I460    4073  SET_METDATA: Missing Hour Identified in Meteor. Data File at      2020061817
MX I460    4074  SET_METDATA: Missing Hour Identified in Meteor. Data File at      2020061818
MX I460    4278  SET_METDATA: Missing Hour Identified in Meteor. Data File at      2020062706
MX I460    4279  SET_METDATA: Missing Hour Identified in Meteor. Data File at      2020062707
MX I460    4280  SET_METDATA: Missing Hour Identified in Meteor. Data File at      2020062708
MX I460    4281  SET_METDATA: Missing Hour Identified in Meteor. Data File at      2020062709
MX I440    4282       CHKCLM: Calm Hour Identified in Meteorology Data File at     2020062710
MX I460    4283  SET_METDATA: Missing Hour Identified in Meteor. Data File at      2020062711
MX I440    4284       CHKCLM: Calm Hour Identified in Meteorology Data File at     2020062712
MX I460    4285  SET_METDATA: Missing Hour Identified in Meteor. Data File at      2020062713
MX I460    4286  SET_METDATA: Missing Hour Identified in Meteor. Data File at      2020062714
MX I460    4287  SET_METDATA: Missing Hour Identified in Meteor. Data File at      2020062715
MX I460    4288  SET_METDATA: Missing Hour Identified in Meteor. Data File at      2020062716
MX I460    4289  SET_METDATA: Missing Hour Identified in Meteor. Data File at      2020062717
MX I460    4290  SET_METDATA: Missing Hour Identified in Meteor. Data File at      2020062718
MX I460    4302  SET_METDATA: Missing Hour Identified in Meteor. Data File at      2020062806
MX I460    4303  SET_METDATA: Missing Hour Identified in Meteor. Data File at      2020062807
MX I460    4304  SET_METDATA: Missing Hour Identified in Meteor. Data File at      2020062808
MX I460    4305  SET_METDATA: Missing Hour Identified in Meteor. Data File at      2020062809
MX I440    4306       CHKCLM: Calm Hour Identified in Meteorology Data File at     2020062810
MX I460    4307  SET_METDATA: Missing Hour Identified in Meteor. Data File at      2020062811
MX I460    4308  SET_METDATA: Missing Hour Identified in Meteor. Data File at      2020062812
MX I460    4309  SET_METDATA: Missing Hour Identified in Meteor. Data File at      2020062813
MX I460    4310  SET_METDATA: Missing Hour Identified in Meteor. Data File at      2020062814
MX I460    4311  SET_METDATA: Missing Hour Identified in Meteor. Data File at      2020062815
MX I460    4312  SET_METDATA: Missing Hour Identified in Meteor. Data File at      2020062816
MX I460    4313  SET_METDATA: Missing Hour Identified in Meteor. Data File at      2020062817
MX I460    4314  SET_METDATA: Missing Hour Identified in Meteor. Data File at      2020062818
MX I460    4326  SET_METDATA: Missing Hour Identified in Meteor. Data File at      2020062906
MX I460    4327  SET_METDATA: Missing Hour Identified in Meteor. Data File at      2020062907
MX I460    4328  SET_METDATA: Missing Hour Identified in Meteor. Data File at      2020062908
MX I460    4329  SET_METDATA: Missing Hour Identified in Meteor. Data File at      2020062909
MX I460    4330  SET_METDATA: Missing Hour Identified in Meteor. Data File at      2020062910
MX I460    4331  SET_METDATA: Missing Hour Identified in Meteor. Data File at      2020062911
MX I460    4332  SET_METDATA: Missing Hour Identified in Meteor. Data File at      2020062912
MX I460    4333  SET_METDATA: Missing Hour Identified in Meteor. Data File at      2020062913
MX I460    4334  SET_METDATA: Missing Hour Identified in Meteor. Data File at      2020062914
MX I460    4335  SET_METDATA: Missing Hour Identified in Meteor. Data File at      2020062915
MX I460    4336  SET_METDATA: Missing Hour Identified in Meteor. Data File at      2020062916
MX I460    4337  SET_METDATA: Missing Hour Identified in Meteor. Data File at      2020062917
MX I460    4338  SET_METDATA: Missing Hour Identified in Meteor. Data File at      2020062918
MX I460    4349  SET_METDATA: Missing Hour Identified in Meteor. Data File at      2020063005
MX I460    4350  SET_METDATA: Missing Hour Identified in Meteor. Data File at      2020063006
MX I460    4351  SET_METDATA: Missing Hour Identified in Meteor. Data File at      2020063007
MX I460    4352  SET_METDATA: Missing Hour Identified in Meteor. Data File at      2020063008
MX I460    4353  SET_METDATA: Missing Hour Identified in Meteor. Data File at      2020063009
MX I460    4354  SET_METDATA: Missing Hour Identified in Meteor. Data File at      2020063010
MX I460    4355  SET_METDATA: Missing Hour Identified in Meteor. Data File at      2020063011
MX I460    4356  SET_METDATA: Missing Hour Identified in Meteor. Data File at      2020063012
MX I460    4357  SET_METDATA: Missing Hour Identified in Meteor. Data File at      2020063013
MX I460    4358  SET_METDATA: Missing Hour Identified in Meteor. Data File at      2020063014
MX I460    4359  SET_METDATA: Missing Hour Identified in Meteor. Data File at      2020063015
MX I460    4360  SET_METDATA: Missing Hour Identified in Meteor. Data File at      2020063016
MX I460    4361  SET_METDATA: Missing Hour Identified in Meteor. Data File at      2020063017
MX I460    4362  SET_METDATA: Missing Hour Identified in Meteor. Data File at      2020063018
MX I460    4373  SET_METDATA: Missing Hour Identified in Meteor. Data File at      2020070105
MX I460    4374  SET_METDATA: Missing Hour Identified in Meteor. Data File at      2020070106
MX I460    4375  SET_METDATA: Missing Hour Identified in Meteor. Data File at      2020070107
MX I460    4376  SET_METDATA: Missing Hour Identified in Meteor. Data File at      2020070108
MX I460    4377  SET_METDATA: Missing Hour Identified in Meteor. Data File at      2020070109
MX I460    4378  SET_METDATA: Missing Hour Identified in Meteor. Data File at      2020070110
MX I460    4379  SET_METDATA: Missing Hour Identified in Meteor. Data File at      2020070111
MX I460    4380  SET_METDATA: Missing Hour Identified in Meteor. Data File at      2020070112
MX I460    4381  SET_METDATA: Missing Hour Identified in Meteor. Data File at      2020070113
MX I460    4382  SET_METDATA: Missing Hour Identified in Meteor. Data File at      2020070114
MX I460    4383  SET_METDATA: Missing Hour Identified in Meteor. Data File at      2020070115
MX I460    4384  SET_METDATA: Missing Hour Identified in Meteor. Data File at      2020070116
MX I460    4385  SET_METDATA: Missing Hour Identified in Meteor. Data File at      2020070117
MX I460    4386  SET_METDATA: Missing Hour Identified in Meteor. Data File at      2020070118
MX I460    4397  SET_METDATA: Missing Hour Identified in Meteor. Data File at      2020070205
MX I460    4398  SET_METDATA: Missing Hour Identified in Meteor. Data File at      2020070206
MX I460    4399  SET_METDATA: Missing Hour Identified in Meteor. Data File at      2020070207
MX I460    4400  SET_METDATA: Missing Hour Identified in Meteor. Data File at      2020070208
MX I460    4401  SET_METDATA: Missing Hour Identified in Meteor. Data File at      2020070209
MX I460    4402  SET_METDATA: Missing Hour Identified in Meteor. Data File at      2020070210
MX I460    4403  SET_METDATA: Missing Hour Identified in Meteor. Data File at      2020070211
MX I460    4404  SET_METDATA: Missing Hour Identified in Meteor. Data File at      2020070212
MX I460    4405  SET_METDATA: Missing Hour Identified in Meteor. Data File at      2020070213
MX I460    4406  SET_METDATA: Missing Hour Identified in Meteor. Data File at      2020070214
MX I460    4407  SET_METDATA: Missing Hour Identified in Meteor. Data File at      2020070215
MX I460    4408  SET_METDATA: Missing Hour Identified in Meteor. Data File at      2020070216
MX I460    4409  SET_METDATA: Missing Hour Identified in Meteor. Data File at      2020070217
MX I460    4410  SET_METDATA: Missing Hour Identified in Meteor. Data File at      2020070218
MX I460    4422  SET_METDATA: Missing Hour Identified in Meteor. Data File at      2020070306
MX I460    4423  SET_METDATA: Missing Hour Identified in Meteor. Data File at      2020070307
MX I460    4424  SET_METDATA: Missing Hour Identified in Meteor. Data File at      2020070308
MX I460    4425  SET_METDATA: Missing Hour Identified in Meteor. Data File at      2020070309
MX I460    4426  SET_METDATA: Missing Hour Identified in Meteor. Data File at      2020070310
MX I460    4427  SET_METDATA: Missing Hour Identified in Meteor. Data File at      2020070311
MX I460    4428  SET_METDATA: Missing Hour Identified in Meteor. Data File at      2020070312
MX I460    4429  SET_METDATA: Missing Hour Identified in Meteor. Data File at      2020070313
MX I460    4430  SET_METDATA: Missing Hour Identified in Meteor. Data File at      2020070314
MX I460    4431  SET_METDATA: Missing Hour Identified in Meteor. Data File at      2020070315
MX I460    4432  SET_METDATA: Missing Hour Identified in Meteor. Data File at      2020070316
MX I460    4433  SET_METDATA: Missing Hour Identified in Meteor. Data File at      2020070317
MX I460    4434  SET_METDATA: Missing Hour Identified in Meteor. Data File at      2020070318
MX I460    4445  SET_METDATA: Missing Hour Identified in Meteor. Data File at      2020070405
MX I460    4446  SET_METDATA: Missing Hour Identified in Meteor. Data File at      2020070406
MX I460    4447  SET_METDATA: Missing Hour Identified in Meteor. Data File at      2020070407
MX I460    4448  SET_METDATA: Missing Hour Identified in Meteor. Data File at      2020070408
MX I460    4449  SET_METDATA: Missing Hour Identified in Meteor. Data File at      2020070409
MX I460    4450  SET_METDATA: Missing Hour Identified in Meteor. Data File at      2020070410
MX I460    4451  SET_METDATA: Missing Hour Identified in Meteor. Data File at      2020070411
MX I460    4452  SET_METDATA: Missing Hour Identified in Meteor. Data File at      2020070412
MX I460    4453  SET_METDATA: Missing Hour Identified in Meteor. Data File at      2020070413
MX I460    4454  SET_METDATA: Missing Hour Identified in Meteor. Data File at      2020070414
MX I460    4455  SET_METDATA: Missing Hour Identified in Meteor. Data File at      2020070415
MX I460    4456  SET_METDATA: Missing Hour Identified in Meteor. Data File at      2020070416
MX I460    4457  SET_METDATA: Missing Hour Identified in Meteor. Data File at      2020070417
MX I460    4458  SET_METDATA: Missing Hour Identified in Meteor. Data File at      2020070418
MX I460    4470  SET_METDATA: Missing Hour Identified in Meteor. Data File at      2020070506
MX I460    4471  SET_METDATA: Missing Hour Identified in Meteor. Data File at      2020070507
MX I460    4472  SET_METDATA: Missing Hour Identified in Meteor. Data File at      2020070508
MX I460    4473  SET_METDATA: Missing Hour Identified in Meteor. Data File at      2020070509
MX I460    4474  SET_METDATA: Missing Hour Identified in Meteor. Data File at      2020070510
MX I460    4475  SET_METDATA: Missing Hour Identified in Meteor. Data File at      2020070511
MX I460    4476  SET_METDATA: Missing Hour Identified in Meteor. Data File at      2020070512
MX I460    4477  SET_METDATA: Missing Hour Identified in Meteor. Data File at      2020070513
MX I460    4478  SET_METDATA: Missing Hour Identified in Meteor. Data File at      2020070514
MX I460    4479  SET_METDATA: Missing Hour Identified in Meteor. Data File at      2020070515
MX I460    4480  SET_METDATA: Missing Hour Identified in Meteor. Data File at      2020070516
MX I460    4481  SET_METDATA: Missing Hour Identified in Meteor. Data File at      2020070517
MX I460    4482  SET_METDATA: Missing Hour Identified in Meteor. Data File at      2020070518
MX I460    4494  SET_METDATA: Missing Hour Identified in Meteor. Data File at      2020070606
MX I460    4495  SET_METDATA: Missing Hour Identified in Meteor. Data File at      2020070607
MX I460    4496  SET_METDATA: Missing Hour Identified in Meteor. Data File at      2020070608
MX I460    4497  SET_METDATA: Missing Hour Identified in Meteor. Data File at      2020070609
MX I460    4498  SET_METDATA: Missing Hour Identified in Meteor. Data File at      2020070610
MX I460    4499  SET_METDATA: Missing Hour Identified in Meteor. Data File at      2020070611
MX I460    4500  SET_METDATA: Missing Hour Identified in Meteor. Data File at      2020070612
MX I460    4501  SET_METDATA: Missing Hour Identified in Meteor. Data File at      2020070613
MX I460    4502  SET_METDATA: Missing Hour Identified in Meteor. Data File at      2020070614
MX I460    4503  SET_METDATA: Missing Hour Identified in Meteor. Data File at      2020070615
MX I460    4504  SET_METDATA: Missing Hour Identified in Meteor. Data File at      2020070616
MX I460    4505  SET_METDATA: Missing Hour Identified in Meteor. Data File at      2020070617
MX I460    4506  SET_METDATA: Missing Hour Identified in Meteor. Data File at      2020070618
MX I440    4569       CHKCLM: Calm Hour Identified in Meteorology Data File at     2020070909
MX I460    4638  SET_METDATA: Missing Hour Identified in Meteor. Data File at      2020071206
MX I460    4639  SET_METDATA: Missing Hour Identified in Meteor. Data File at      2020071207
MX I460    4640  SET_METDATA: Missing Hour Identified in Meteor. Data File at      2020071208
MX I460    4641  SET_METDATA: Missing Hour Identified in Meteor. Data File at      2020071209
MX I460    4642  SET_METDATA: Missing Hour Identified in Meteor. Data File at      2020071210
MX I460    4643  SET_METDATA: Missing Hour Identified in Meteor. Data File at      2020071211
MX I460    4644  SET_METDATA: Missing Hour Identified in Meteor. Data File at      2020071212
MX I460    4645  SET_METDATA: Missing Hour Identified in Meteor. Data File at      2020071213
MX I460    4646  SET_METDATA: Missing Hour Identified in Meteor. Data File at      2020071214
MX I460    4647  SET_METDATA: Missing Hour Identified in Meteor. Data File at      2020071215
MX I460    4648  SET_METDATA: Missing Hour Identified in Meteor. Data File at      2020071216
MX I460    4649  SET_METDATA: Missing Hour Identified in Meteor. Data File at      2020071217
MX I460    4650  SET_METDATA: Missing Hour Identified in Meteor. Data File at      2020071218
MX I440    4716       CHKCLM: Calm Hour Identified in Meteorology Data File at     2020071512
MX I440    4798       CHKCLM: Calm Hour Identified in Meteorology Data File at     2020071822
MX I440    4822       CHKCLM: Calm Hour Identified in Meteorology Data File at     2020071922
MX I460    4926  SET_METDATA: Missing Hour Identified in Meteor. Data File at      2020072406
MX I460    4927  SET_METDATA: Missing Hour Identified in Meteor. Data File at      2020072407
MX I460    4928  SET_METDATA: Missing Hour Identified in Meteor. Data File at      2020072408
MX I460    4929  SET_METDATA: Missing Hour Identified in Meteor. Data File at      2020072409
MX I460    4930  SET_METDATA: Missing Hour Identified in Meteor. Data File at      2020072410
MX I460    4931  SET_METDATA: Missing Hour Identified in Meteor. Data File at      2020072411
MX I460    4932  SET_METDATA: Missing Hour Identified in Meteor. Data File at      2020072412
MX I460    4933  SET_METDATA: Missing Hour Identified in Meteor. Data File at      2020072413
MX I460    4934  SET_METDATA: Missing Hour Identified in Meteor. Data File at      2020072414
MX I460    4935  SET_METDATA: Missing Hour Identified in Meteor. Data File at      2020072415
MX I460    4936  SET_METDATA: Missing Hour Identified in Meteor. Data File at      2020072416
MX I460    4937  SET_METDATA: Missing Hour Identified in Meteor. Data File at      2020072417
MX I460    4938  SET_METDATA: Missing Hour Identified in Meteor. Data File at      2020072418
MX I460    4950  SET_METDATA: Missing Hour Identified in Meteor. Data File at      2020072506
MX I460    4951  SET_METDATA: Missing Hour Identified in Meteor. Data File at      2020072507
MX I460    4952  SET_METDATA: Missing Hour Identified in Meteor. Data File at      2020072508
MX I460    4953  SET_METDATA: Missing Hour Identified in Meteor. Data File at      2020072509
MX I460    4954  SET_METDATA: Missing Hour Identified in Meteor. Data File at      2020072510
MX I460    4955  SET_METDATA: Missing Hour Identified in Meteor. Data File at      2020072511
MX I460    4956  SET_METDATA: Missing Hour Identified in Meteor. Data File at      2020072512
MX I460    4957  SET_METDATA: Missing Hour Identified in Meteor. Data File at      2020072513
MX I460    4958  SET_METDATA: Missing Hour Identified in Meteor. Data File at      2020072514
MX I460    4959  SET_METDATA: Missing Hour Identified in Meteor. Data File at      2020072515
MX I460    4960  SET_METDATA: Missing Hour Identified in Meteor. Data File at      2020072516
MX I460    4961  SET_METDATA: Missing Hour Identified in Meteor. Data File at      2020072517
MX I460    4962  SET_METDATA: Missing Hour Identified in Meteor. Data File at      2020072518
MX I440    5019       CHKCLM: Calm Hour Identified in Meteorology Data File at     2020072803
MX I440    5294       CHKCLM: Calm Hour Identified in Meteorology Data File at     2020080814
MX I460    5670  SET_METDATA: Missing Hour Identified in Meteor. Data File at      2020082406
MX I460    5671  SET_METDATA: Missing Hour Identified in Meteor. Data File at      2020082407
MX I460    5672  SET_METDATA: Missing Hour Identified in Meteor. Data File at      2020082408
MX I460    5673  SET_METDATA: Missing Hour Identified in Meteor. Data File at      2020082409
MX I460    5674  SET_METDATA: Missing Hour Identified in Meteor. Data File at      2020082410
MX I460    5675  SET_METDATA: Missing Hour Identified in Meteor. Data File at      2020082411
MX I460    5676  SET_METDATA: Missing Hour Identified in Meteor. Data File at      2020082412
MX I460    5677  SET_METDATA: Missing Hour Identified in Meteor. Data File at      2020082413
MX I460    5678  SET_METDATA: Missing Hour Identified in Meteor. Data File at      2020082414
MX I460    5679  SET_METDATA: Missing Hour Identified in Meteor. Data File at      2020082415
MX I460    5680  SET_METDATA: Missing Hour Identified in Meteor. Data File at      2020082416
MX I460    5681  SET_METDATA: Missing Hour Identified in Meteor. Data File at      2020082417
MX I460    5694  SET_METDATA: Missing Hour Identified in Meteor. Data File at      2020082506
MX I460    5695  SET_METDATA: Missing Hour Identified in Meteor. Data File at      2020082507
MX I460    5696  SET_METDATA: Missing Hour Identified in Meteor. Data File at      2020082508
MX I460    5697  SET_METDATA: Missing Hour Identified in Meteor. Data File at      2020082509
MX I460    5698  SET_METDATA: Missing Hour Identified in Meteor. Data File at      2020082510
MX I460    5699  SET_METDATA: Missing Hour Identified in Meteor. Data File at      2020082511
MX I460    5700  SET_METDATA: Missing Hour Identified in Meteor. Data File at      2020082512
MX I460    5701  SET_METDATA: Missing Hour Identified in Meteor. Data File at      2020082513
MX I460    5702  SET_METDATA: Missing Hour Identified in Meteor. Data File at      2020082514
MX I460    5703  SET_METDATA: Missing Hour Identified in Meteor. Data File at      2020082515
MX I460    5704  SET_METDATA: Missing Hour Identified in Meteor. Data File at      2020082516
MX I460    5705  SET_METDATA: Missing Hour Identified in Meteor. Data File at      2020082517
MX I440    5871       CHKCLM: Calm Hour Identified in Meteorology Data File at     2020090115
MX I440    5939       CHKCLM: Calm Hour Identified in Meteorology Data File at     2020090411
MX I440    6072       CHKCLM: Calm Hour Identified in Meteorology Data File at     2020090924
MX I440    6306       CHKCLM: Calm Hour Identified in Meteorology Data File at     2020091918
MX I440    6418       CHKCLM: Calm Hour Identified in Meteorology Data File at     2020092410
MX I440    6577       CHKCLM: Calm Hour Identified in Meteorology Data File at     2020100101
MX I460    6679  SET_METDATA: Missing Hour Identified in Meteor. Data File at      2020100507
MX I460    6680  SET_METDATA: Missing Hour Identified in Meteor. Data File at      2020100508
MX I460    6681  SET_METDATA: Missing Hour Identified in Meteor. Data File at      2020100509
MX I460    6682  SET_METDATA: Missing Hour Identified in Meteor. Data File at      2020100510
MX I460    6683  SET_METDATA: Missing Hour Identified in Meteor. Data File at      2020100511
MX I460    6684  SET_METDATA: Missing Hour Identified in Meteor. Data File at      2020100512
MX I460    6685  SET_METDATA: Missing Hour Identified in Meteor. Data File at      2020100513
MX I460    6686  SET_METDATA: Missing Hour Identified in Meteor. Data File at      2020100514
MX I460    6687  SET_METDATA: Missing Hour Identified in Meteor. Data File at      2020100515
MX I460    6688  SET_METDATA: Missing Hour Identified in Meteor. Data File at      2020100516
MX I440    6692       CHKCLM: Calm Hour Identified in Meteorology Data File at     2020100520
MX I460    6944  SET_METDATA: Missing Hour Identified in Meteor. Data File at      2020101608
MX I460    6945  SET_METDATA: Missing Hour Identified in Meteor. Data File at      2020101609
MX I460    6946  SET_METDATA: Missing Hour Identified in Meteor. Data File at      2020101610
MX I460    6947  SET_METDATA: Missing Hour Identified in Meteor. Data File at      2020101611
MX I460    6948  SET_METDATA: Missing Hour Identified in Meteor. Data File at      2020101612
MX I460    6949  SET_METDATA: Missing Hour Identified in Meteor. Data File at      2020101613
MX I460    6950  SET_METDATA: Missing Hour Identified in Meteor. Data File at      2020101614
MX I460    6951  SET_METDATA: Missing Hour Identified in Meteor. Data File at      2020101615
MX I460    6968  SET_METDATA: Missing Hour Identified in Meteor. Data File at      2020101708
MX I460    6969  SET_METDATA: Missing Hour Identified in Meteor. Data File at      2020101709
MX I460    6970  SET_METDATA: Missing Hour Identified in Meteor. Data File at      2020101710
MX I460    6971  SET_METDATA: Missing Hour Identified in Meteor. Data File at      2020101711
MX I460    6972  SET_METDATA: Missing Hour Identified in Meteor. Data File at      2020101712
MX I460    6973  SET_METDATA: Missing Hour Identified in Meteor. Data File at      2020101713
MX I460    6974  SET_METDATA: Missing Hour Identified in Meteor. Data File at      2020101714
MX I460    6975  SET_METDATA: Missing Hour Identified in Meteor. Data File at      2020101715
MX I440    6977       CHKCLM: Calm Hour Identified in Meteorology Data File at     2020101717
MX I440    6978       CHKCLM: Calm Hour Identified in Meteorology Data File at     2020101718
MX I460    7040  SET_METDATA: Missing Hour Identified in Meteor. Data File at      2020102008
MX I460    7041  SET_METDATA: Missing Hour Identified in Meteor. Data File at      2020102009
MX I460    7042  SET_METDATA: Missing Hour Identified in Meteor. Data File at      2020102010
MX I460    7043  SET_METDATA: Missing Hour Identified in Meteor. Data File at      2020102011
MX I460    7044  SET_METDATA: Missing Hour Identified in Meteor. Data File at      2020102012
MX I460    7045  SET_METDATA: Missing Hour Identified in Meteor. Data File at      2020102013
MX I460    7046  SET_METDATA: Missing Hour Identified in Meteor. Data File at      2020102014
MX I460    7047  SET_METDATA: Missing Hour Identified in Meteor. Data File at      2020102015
MX I460    7064  SET_METDATA: Missing Hour Identified in Meteor. Data File at      2020102108
MX I460    7065  SET_METDATA: Missing Hour Identified in Meteor. Data File at      2020102109
MX I460    7066  SET_METDATA: Missing Hour Identified in Meteor. Data File at      2020102110
MX I460    7067  SET_METDATA: Missing Hour Identified in Meteor. Data File at      2020102111
MX I460    7068  SET_METDATA: Missing Hour Identified in Meteor. Data File at      2020102112
MX I460    7069  SET_METDATA: Missing Hour Identified in Meteor. Data File at      2020102113
MX I460    7070  SET_METDATA: Missing Hour Identified in Meteor. Data File at      2020102114
MX I460    7071  SET_METDATA: Missing Hour Identified in Meteor. Data File at      2020102115
MX I460    7256  SET_METDATA: Missing Hour Identified in Meteor. Data File at      2020102908
MX I460    7257  SET_METDATA: Missing Hour Identified in Meteor. Data File at      2020102909
MX I460    7258  SET_METDATA: Missing Hour Identified in Meteor. Data File at      2020102910
MX I460    7259  SET_METDATA: Missing Hour Identified in Meteor. Data File at      2020102911
MX I460    7260  SET_METDATA: Missing Hour Identified in Meteor. Data File at      2020102912
MX I460    7261  SET_METDATA: Missing Hour Identified in Meteor. Data File at      2020102913
MX I460    7262  SET_METDATA: Missing Hour Identified in Meteor. Data File at      2020102914
MX I460    7263  SET_METDATA: Missing Hour Identified in Meteor. Data File at      2020102915
MX I440    7269       CHKCLM: Calm Hour Identified in Meteorology Data File at     2020102921
MX I460    7280  SET_METDATA: Missing Hour Identified in Meteor. Data File at      2020103008
MX I460    7281  SET_METDATA: Missing Hour Identified in Meteor. Data File at      2020103009
MX I460    7282  SET_METDATA: Missing Hour Identified in Meteor. Data File at      2020103010
MX I460    7283  SET_METDATA: Missing Hour Identified in Meteor. Data File at      2020103011
MX I460    7284  SET_METDATA: Missing Hour Identified in Meteor. Data File at      2020103012
MX I460    7285  SET_METDATA: Missing Hour Identified in Meteor. Data File at      2020103013
MX I460    7286  SET_METDATA: Missing Hour Identified in Meteor. Data File at      2020103014
MX I440    7287       CHKCLM: Calm Hour Identified in Meteorology Data File at     2020103015
MX I440    7306       CHKCLM: Calm Hour Identified in Meteorology Data File at     2020103110
MX I440    7311       CHKCLM: Calm Hour Identified in Meteorology Data File at     2020103115
MX I440    7343       CHKCLM: Calm Hour Identified in Meteorology Data File at     2020110123
MX I440    7364       CHKCLM: Calm Hour Identified in Meteorology Data File at     2020110220
MX I440    7485       CHKCLM: Calm Hour Identified in Meteorology Data File at     2020110721
MX I460    7929  SET_METDATA: Missing Hour Identified in Meteor. Data File at      2020112609
MX I460    7930  SET_METDATA: Missing Hour Identified in Meteor. Data File at      2020112610
MX I460    7931  SET_METDATA: Missing Hour Identified in Meteor. Data File at      2020112611
MX I460    7932  SET_METDATA: Missing Hour Identified in Meteor. Data File at      2020112612
MX I460    7933  SET_METDATA: Missing Hour Identified in Meteor. Data File at      2020112613
MX I460    7934  SET_METDATA: Missing Hour Identified in Meteor. Data File at      2020112614
MX I460    7953  SET_METDATA: Missing Hour Identified in Meteor. Data File at      2020112709
MX I460    7954  SET_METDATA: Missing Hour Identified in Meteor. Data File at      2020112710
MX I460    7955  SET_METDATA: Missing Hour Identified in Meteor. Data File at      2020112711
MX I460    7956  SET_METDATA: Missing Hour Identified in Meteor. Data File at      2020112712
MX I460    7957  SET_METDATA: Missing Hour Identified in Meteor. Data File at      2020112713
MX I460    7958  SET_METDATA: Missing Hour Identified in Meteor. Data File at      2020112714
MX I440    8332       CHKCLM: Calm Hour Identified in Meteorology Data File at     2020121304
MX I440    8356       CHKCLM: Calm Hour Identified in Meteorology Data File at     2020121404
MX I440    8386       CHKCLM: Calm Hour Identified in Meteorology Data File at     2020121510
MX I440    8486       CHKCLM: Calm Hour Identified in Meteorology Data File at     2020121914
MX I440    8488       CHKCLM: Calm Hour Identified in Meteorology Data File at     2020121916
MX I440    8583       CHKCLM: Calm Hour Identified in Meteorology Data File at     2020122315
MX I440    8586       CHKCLM: Calm Hour Identified in Meteorology Data File at     2020122318
MX I460    8769  SET_METDATA: Missing Hour Identified in Meteor. Data File at      2020123109
MX I460    8770  SET_METDATA: Missing Hour Identified in Meteor. Data File at      2020123110
MX I460    8771  SET_METDATA: Missing Hour Identified in Meteor. Data File at      2020123111
MX I460    8772  SET_METDATA: Missing Hour Identified in Meteor. Data File at      2020123112
MX I460    8773  SET_METDATA: Missing Hour Identified in Meteor. Data File at      2020123113
MX I460    8774  SET_METDATA: Missing Hour Identified in Meteor. Data File at      2020123114
MX I460    8784  SET_METDATA: Missing Hour Identified in Meteor. Data File at      2020123124
